[1.113s] Invoking command in '/home/shokhzod/sme_midterm_ws/src/fleet_management': PYTHONPATH=/home/shokhzod/sme_midterm_ws/build/fleet_management/prefix_override:/home/shokhzod/sme_midterm_ws/install/fleet_management/lib/python3.10/site-packages:${PYTHONPATH} /usr/bin/python3 setup.py egg_info --egg-base ../../build/fleet_management build --build-base /home/shokhzod/sme_midterm_ws/build/fleet_management/build install --record /home/shokhzod/sme_midterm_ws/build/fleet_management/install.log --single-version-externally-managed
[1.563s] running egg_info
[1.564s] writing ../../build/fleet_management/fleet_management.egg-info/PKG-INFO
[1.564s] writing dependency_links to ../../build/fleet_management/fleet_management.egg-info/dependency_links.txt
[1.565s] writing entry points to ../../build/fleet_management/fleet_management.egg-info/entry_points.txt
[1.565s] writing requirements to ../../build/fleet_management/fleet_management.egg-info/requires.txt
[1.565s] writing top-level names to ../../build/fleet_management/fleet_management.egg-info/top_level.txt
[1.568s] reading manifest file '../../build/fleet_management/fleet_management.egg-info/SOURCES.txt'
[1.570s] writing manifest file '../../build/fleet_management/fleet_management.egg-info/SOURCES.txt'
[1.570s] running build
[1.570s] running build_py
[1.571s] running install
[1.571s] running install_lib
[1.573s] running install_data
[1.574s] running install_egg_info
[1.579s] removing '/home/shokhzod/sme_midterm_ws/install/fleet_management/lib/python3.10/site-packages/fleet_management-0.0.0-py3.10.egg-info' (and everything under it)
[1.579s] Copying ../../build/fleet_management/fleet_management.egg-info to /home/shokhzod/sme_midterm_ws/install/fleet_management/lib/python3.10/site-packages/fleet_management-0.0.0-py3.10.egg-info
[1.579s] running install_scripts
[1.609s] writing list of installed files to '/home/shokhzod/sme_midterm_ws/build/fleet_management/install.log'
[1.644s] Invoked command in '/home/shokhzod/sme_midterm_ws/src/fleet_management' returned '0': PYTHONPATH=/home/shokhzod/sme_midterm_ws/build/fleet_management/prefix_override:/home/shokhzod/sme_midterm_ws/install/fleet_management/lib/python3.10/site-packages:${PYTHONPATH} /usr/bin/python3 setup.py egg_info --egg-base ../../build/fleet_management build --build-base /home/shokhzod/sme_midterm_ws/build/fleet_management/build install --record /home/shokhzod/sme_midterm_ws/build/fleet_management/install.log --single-version-externally-managed
