running egg_info
creating ../../build/fleet_management/fleet_management.egg-info
writing ../../build/fleet_management/fleet_management.egg-info/PKG-INFO
writing dependency_links to ../../build/fleet_management/fleet_management.egg-info/dependency_links.txt
writing entry points to ../../build/fleet_management/fleet_management.egg-info/entry_points.txt
writing requirements to ../../build/fleet_management/fleet_management.egg-info/requires.txt
writing top-level names to ../../build/fleet_management/fleet_management.egg-info/top_level.txt
writing manifest file '../../build/fleet_management/fleet_management.egg-info/SOURCES.txt'
reading manifest file '../../build/fleet_management/fleet_management.egg-info/SOURCES.txt'
writing manifest file '../../build/fleet_management/fleet_management.egg-info/SOURCES.txt'
running build
running build_py
creating /home/shokhzod/sme_midterm_ws/build/fleet_management/build
creating /home/shokhzod/sme_midterm_ws/build/fleet_management/build/lib
creating /home/shokhzod/sme_midterm_ws/build/fleet_management/build/lib/fleet_management
copying fleet_management/__init__.py -> /home/shokhzod/sme_midterm_ws/build/fleet_management/build/lib/fleet_management
copying fleet_management/fleet_management_client_cli.py -> /home/shokhzod/sme_midterm_ws/build/fleet_management/build/lib/fleet_management
copying fleet_management/fleet_management_logic.py -> /home/shokhzod/sme_midterm_ws/build/fleet_management/build/lib/fleet_management
copying fleet_management/fleet_management_cli.py -> /home/shokhzod/sme_midterm_ws/build/fleet_management/build/lib/fleet_management
copying fleet_management/fleet_management_server.py -> /home/shokhzod/sme_midterm_ws/build/fleet_management/build/lib/fleet_management
running install
running install_lib
creating /home/shokhzod/sme_midterm_ws/install/fleet_management/lib/python3.10/site-packages/fleet_management
copying /home/shokhzod/sme_midterm_ws/build/fleet_management/build/lib/fleet_management/__init__.py -> /home/shokhzod/sme_midterm_ws/install/fleet_management/lib/python3.10/site-packages/fleet_management
copying /home/shokhzod/sme_midterm_ws/build/fleet_management/build/lib/fleet_management/fleet_management_client_cli.py -> /home/shokhzod/sme_midterm_ws/install/fleet_management/lib/python3.10/site-packages/fleet_management
copying /home/shokhzod/sme_midterm_ws/build/fleet_management/build/lib/fleet_management/fleet_management_logic.py -> /home/shokhzod/sme_midterm_ws/install/fleet_management/lib/python3.10/site-packages/fleet_management
copying /home/shokhzod/sme_midterm_ws/build/fleet_management/build/lib/fleet_management/fleet_management_cli.py -> /home/shokhzod/sme_midterm_ws/install/fleet_management/lib/python3.10/site-packages/fleet_management
copying /home/shokhzod/sme_midterm_ws/build/fleet_management/build/lib/fleet_management/fleet_management_server.py -> /home/shokhzod/sme_midterm_ws/install/fleet_management/lib/python3.10/site-packages/fleet_management
byte-compiling /home/shokhzod/sme_midterm_ws/install/fleet_management/lib/python3.10/site-packages/fleet_management/__init__.py to __init__.cpython-310.pyc
byte-compiling /home/shokhzod/sme_midterm_ws/install/fleet_management/lib/python3.10/site-packages/fleet_management/fleet_management_client_cli.py to fleet_management_client_cli.cpython-310.pyc
byte-compiling /home/shokhzod/sme_midterm_ws/install/fleet_management/lib/python3.10/site-packages/fleet_management/fleet_management_logic.py to fleet_management_logic.cpython-310.pyc
byte-compiling /home/shokhzod/sme_midterm_ws/install/fleet_management/lib/python3.10/site-packages/fleet_management/fleet_management_cli.py to fleet_management_cli.cpython-310.pyc
byte-compiling /home/shokhzod/sme_midterm_ws/install/fleet_management/lib/python3.10/site-packages/fleet_management/fleet_management_server.py to fleet_management_server.cpython-310.pyc
running install_data
creating /home/shokhzod/sme_midterm_ws/install/fleet_management/share/ament_index
creating /home/shokhzod/sme_midterm_ws/install/fleet_management/share/ament_index/resource_index
creating /home/shokhzod/sme_midterm_ws/install/fleet_management/share/ament_index/resource_index/packages
copying resource/fleet_management -> /home/shokhzod/sme_midterm_ws/install/fleet_management/share/ament_index/resource_index/packages
copying package.xml -> /home/shokhzod/sme_midterm_ws/install/fleet_management/share/fleet_management
running install_egg_info
Copying ../../build/fleet_management/fleet_management.egg-info to /home/shokhzod/sme_midterm_ws/install/fleet_management/lib/python3.10/site-packages/fleet_management-0.0.0-py3.10.egg-info
running install_scripts
writing list of installed files to '/home/shokhzod/sme_midterm_ws/build/fleet_management/install.log'
