[1.102s] Invoking command in '/home/shokhzod/sme_midterm_ws/src/fleet_management': PYTHONPATH=/home/shokhzod/sme_midterm_ws/build/fleet_management/prefix_override:/home/shokhzod/sme_midterm_ws/install/fleet_management/lib/python3.10/site-packages:${PYTHONPATH} /usr/bin/python3 setup.py egg_info --egg-base ../../build/fleet_management build --build-base /home/shokhzod/sme_midterm_ws/build/fleet_management/build install --record /home/shokhzod/sme_midterm_ws/build/fleet_management/install.log --single-version-externally-managed
[1.545s] running egg_info
[1.546s] creating ../../build/fleet_management/fleet_management.egg-info
[1.546s] writing ../../build/fleet_management/fleet_management.egg-info/PKG-INFO
[1.547s] writing dependency_links to ../../build/fleet_management/fleet_management.egg-info/dependency_links.txt
[1.547s] writing entry points to ../../build/fleet_management/fleet_management.egg-info/entry_points.txt
[1.547s] writing requirements to ../../build/fleet_management/fleet_management.egg-info/requires.txt
[1.547s] writing top-level names to ../../build/fleet_management/fleet_management.egg-info/top_level.txt
[1.548s] writing manifest file '../../build/fleet_management/fleet_management.egg-info/SOURCES.txt'
[1.550s] reading manifest file '../../build/fleet_management/fleet_management.egg-info/SOURCES.txt'
[1.552s] writing manifest file '../../build/fleet_management/fleet_management.egg-info/SOURCES.txt'
[1.552s] running build
[1.552s] running build_py
[1.552s] creating /home/shokhzod/sme_midterm_ws/build/fleet_management/build
[1.552s] creating /home/shokhzod/sme_midterm_ws/build/fleet_management/build/lib
[1.553s] creating /home/shokhzod/sme_midterm_ws/build/fleet_management/build/lib/fleet_management
[1.553s] copying fleet_management/__init__.py -> /home/shokhzod/sme_midterm_ws/build/fleet_management/build/lib/fleet_management
[1.553s] copying fleet_management/fleet_management_client_cli.py -> /home/shokhzod/sme_midterm_ws/build/fleet_management/build/lib/fleet_management
[1.553s] copying fleet_management/fleet_management_logic.py -> /home/shokhzod/sme_midterm_ws/build/fleet_management/build/lib/fleet_management
[1.553s] copying fleet_management/fleet_management_cli.py -> /home/shokhzod/sme_midterm_ws/build/fleet_management/build/lib/fleet_management
[1.554s] copying fleet_management/fleet_management_server.py -> /home/shokhzod/sme_midterm_ws/build/fleet_management/build/lib/fleet_management
[1.554s] running install
[1.554s] running install_lib
[1.555s] creating /home/shokhzod/sme_midterm_ws/install/fleet_management/lib/python3.10/site-packages/fleet_management
[1.555s] copying /home/shokhzod/sme_midterm_ws/build/fleet_management/build/lib/fleet_management/__init__.py -> /home/shokhzod/sme_midterm_ws/install/fleet_management/lib/python3.10/site-packages/fleet_management
[1.556s] copying /home/shokhzod/sme_midterm_ws/build/fleet_management/build/lib/fleet_management/fleet_management_client_cli.py -> /home/shokhzod/sme_midterm_ws/install/fleet_management/lib/python3.10/site-packages/fleet_management
[1.556s] copying /home/shokhzod/sme_midterm_ws/build/fleet_management/build/lib/fleet_management/fleet_management_logic.py -> /home/shokhzod/sme_midterm_ws/install/fleet_management/lib/python3.10/site-packages/fleet_management
[1.556s] copying /home/shokhzod/sme_midterm_ws/build/fleet_management/build/lib/fleet_management/fleet_management_cli.py -> /home/shokhzod/sme_midterm_ws/install/fleet_management/lib/python3.10/site-packages/fleet_management
[1.556s] copying /home/shokhzod/sme_midterm_ws/build/fleet_management/build/lib/fleet_management/fleet_management_server.py -> /home/shokhzod/sme_midterm_ws/install/fleet_management/lib/python3.10/site-packages/fleet_management
[1.557s] byte-compiling /home/shokhzod/sme_midterm_ws/install/fleet_management/lib/python3.10/site-packages/fleet_management/__init__.py to __init__.cpython-310.pyc
[1.557s] byte-compiling /home/shokhzod/sme_midterm_ws/install/fleet_management/lib/python3.10/site-packages/fleet_management/fleet_management_client_cli.py to fleet_management_client_cli.cpython-310.pyc
[1.558s] byte-compiling /home/shokhzod/sme_midterm_ws/install/fleet_management/lib/python3.10/site-packages/fleet_management/fleet_management_logic.py to fleet_management_logic.cpython-310.pyc
[1.559s] byte-compiling /home/shokhzod/sme_midterm_ws/install/fleet_management/lib/python3.10/site-packages/fleet_management/fleet_management_cli.py to fleet_management_cli.cpython-310.pyc
[1.559s] byte-compiling /home/shokhzod/sme_midterm_ws/install/fleet_management/lib/python3.10/site-packages/fleet_management/fleet_management_server.py to fleet_management_server.cpython-310.pyc
[1.559s] running install_data
[1.560s] creating /home/shokhzod/sme_midterm_ws/install/fleet_management/share/ament_index
[1.561s] creating /home/shokhzod/sme_midterm_ws/install/fleet_management/share/ament_index/resource_index
[1.561s] creating /home/shokhzod/sme_midterm_ws/install/fleet_management/share/ament_index/resource_index/packages
[1.561s] copying resource/fleet_management -> /home/shokhzod/sme_midterm_ws/install/fleet_management/share/ament_index/resource_index/packages
[1.561s] copying package.xml -> /home/shokhzod/sme_midterm_ws/install/fleet_management/share/fleet_management
[1.561s] running install_egg_info
[1.563s] Copying ../../build/fleet_management/fleet_management.egg-info to /home/shokhzod/sme_midterm_ws/install/fleet_management/lib/python3.10/site-packages/fleet_management-0.0.0-py3.10.egg-info
[1.565s] running install_scripts
[1.596s] writing list of installed files to '/home/shokhzod/sme_midterm_ws/build/fleet_management/install.log'
[1.633s] Invoked command in '/home/shokhzod/sme_midterm_ws/src/fleet_management' returned '0': PYTHONPATH=/home/shokhzod/sme_midterm_ws/build/fleet_management/prefix_override:/home/shokhzod/sme_midterm_ws/install/fleet_management/lib/python3.10/site-packages:${PYTHONPATH} /usr/bin/python3 setup.py egg_info --egg-base ../../build/fleet_management build --build-base /home/shokhzod/sme_midterm_ws/build/fleet_management/build install --record /home/shokhzod/sme_midterm_ws/build/fleet_management/install.log --single-version-externally-managed
